

2luz_it2
****************

2luz_it2.log
        1   1325 2luz.mr  HA  GLU   60  A-#HG1 ILE   74  A 4.000  2.200  2.000  25.0   6.373   0.373     14.577
        1   1311 2luz.mr #HD2 LEU   58  A-#HD1 ILE   74  A 3.000  1.200  0.500  25.0   3.909   0.409     17.516
        1   1317 2luz.mr  H   ARG   59  A-#HG2 ILE   74  A 4.000  2.200  1.000  25.0   5.490   0.490     25.094
        2   1315 2luz.mr  H   ARG   59  A-#HD1 ILE   74  A 4.000  2.200  1.000  25.0   5.304   0.304      9.653
        2   2404 2luz.mr #HG  PRO  150  A- H   GLU  151  A 3.000  1.200  0.500  25.0   3.825   0.325     11.063
        2   1304 2luz.mr  HA  LEU   58  A-#HG1 ILE   74  A 4.000  2.200  1.000  25.0   5.336   0.336     11.800
        2   1311 2luz.mr #HD2 LEU   58  A-#HD1 ILE   74  A 3.000  1.200  0.500  25.0   3.981   0.481     24.227
        3   1311 2luz.mr #HD2 LEU   58  A-#HD1 ILE   74  A 3.000  1.200  0.500  25.0   3.982   0.482     24.335
        4   1311 2luz.mr #HD2 LEU   58  A-#HD1 ILE   74  A 3.000  1.200  0.500  25.0   3.996   0.496     25.706
        5    270 2luz.mr #HG  ARG    9  A- HA  TRP  174  A 4.000  2.200  2.000  25.0   6.304   0.304      9.679
        5    759 2luz.mr  HA  ARG   29  A- H   THR  108  A 4.000  2.200  1.000  25.0   5.312   0.312     10.189
        5    273 2luz.mr #HG  ARG    9  A-#HD1 LEU  177  A 3.000  1.200  0.500  25.0   3.839   0.339     12.048
        5    732 2luz.mr #HG  ARG   27  A-#HD2 LEU  109  A 3.000  1.200  0.500  25.0   3.905   0.405     17.148
        6    524 2luz.mr #HB  ARG   22  A-#HD1 LEU  122  A 3.000  1.200  0.500  25.0   3.897   0.397     16.488
        6   1311 2luz.mr #HD2 LEU   58  A-#HD1 ILE   74  A 3.000  1.200  0.500  25.0   3.991   0.491     25.207
        7   1646 2luz.mr  HE1 TRP   87  A- HE# TYR   89  A 4.000  2.200  1.000  25.0   5.397   0.397     16.463
        7   1435 2luz.mr #HB  ALA   70  A- HZ2 TRP   87  A 4.000  2.200  2.000  25.0   6.419   0.419     18.326
        7   1713 2luz.mr #HG  LYS   92  A-#HE  MET  121  A 4.000  2.200  1.000  25.0   5.469   0.469     23.025
        8   1613 2luz.mr #HD1 ILE   85  A- HH2 TRP  129  A 4.000  2.200  1.000  25.0   5.335   0.335     11.724
        8   1364 2luz.mr  HD# PHE   64  A-#HG2 ILE   85  A 4.000  2.200  1.000  25.0   5.440   0.440     20.208
        8   1621 2luz.mr #HD1 ILE   85  A-#HB  LEU   99  A 4.000  2.200  1.000  25.0   5.487   0.487     24.798
        9   1476 2luz.mr #HD1 ILE   74  A-#HG2 ILE   85  A 4.000  2.200  1.000  25.0   5.302   0.302      9.536
        9   1368 2luz.mr  HE# PHE   64  A-#HD1 ILE   85  A 4.000  2.200  1.000  25.0   5.310   0.310     10.071
        9   1465 2luz.mr #HB  ASP   73  A-#HD2 LEU   75  A 3.000  1.200  0.500  25.0   3.906   0.406     17.253
        9   2233 2luz.mr #HB  ALA  132  A- HD# PHE  135  A 4.000  2.200  1.000  25.0   5.497   0.497     25.808
       10   1479 2luz.mr #HG2 ILE   74  A-#HB  CYS   77  A 4.000  2.200  1.000  25.0   5.300   0.300      9.406
       10   1674 2luz.mr #HB  TYR   89  A-#HE  MET  121  A 4.000  2.200  1.000  25.0   5.316   0.316     10.448
       10   1272 2luz.mr #HB  LYS   55  A-#HB  ALA   65  A 4.000  2.200  1.000  25.0   5.336   0.336     11.838
       10   1311 2luz.mr #HD2 LEU   58  A-#HD1 ILE   74  A 3.000  1.200  0.500  25.0   3.861   0.361     13.620
       10   1366 2luz.mr  HE# PHE   64  A-#HA  GLY   72  A 4.000  2.200  1.000  25.0   5.438   0.438     20.105
       10   1476 2luz.mr #HD1 ILE   74  A-#HG2 ILE   85  A 4.000  2.200  1.000  25.0   5.553   0.553     32.012
       10   1465 2luz.mr #HB  ASP   73  A-#HD2 LEU   75  A 3.000  1.200  0.500  25.0   4.724   1.224    156.635


2luz_it2_nefSt
****************

2luz_it2_nefSt.log
        1   1540 2luz.mr  HA  PRO   79  A-1HB  PRO   80  A 4.000  2.200  1.000  25.0   5.498   0.498     25.926
        2   1328 2luz.mr  H   GLY   61  A-#HD1 ILE   74  A 4.000  2.200  1.000  25.0   5.310   0.310     10.057
        2   1178 2luz.mr  HH2 TRP   50  A-#HD2 LEU  133  A 4.000  2.200  1.000  25.0   5.329   0.329     11.341
        2    659 2luz.mr  H   ILE   26  A- HA  GLU  113  A 4.000  2.200  1.000  25.0   5.434   0.434     19.708
        3   1681 2luz.mr  HD# TYR   89  A-#HG  LYS   92  A 3.000  1.200  0.500  25.0   3.893   0.393     16.145
        3   1617 2luz.mr #HD1 ILE   85  A-1HB  LEU   99  A 4.000  2.200  1.000  25.0   5.420   0.420     18.481
        3   1540 2luz.mr  HA  PRO   79  A-1HB  PRO   80  A 4.000  2.200  1.000  25.0   5.473   0.473     23.418
        4   2123 2luz.mr 1HB  GLU  124  A- H   VAL  125  A 3.000  1.200  0.500  25.0   3.818   0.318     10.575
        4   1540 2luz.mr  HA  PRO   79  A-1HB  PRO   80  A 4.000  2.200  1.000  25.0   5.359   0.359     13.467
        4   2119 2luz.mr  HA  GLU  124  A- HB  VAL  127  A 3.000  1.200  0.500  25.0   3.939   0.439     20.133
        4   2567 2luz.mr  HA  ARG  170  A-#HB  ALA  173  A 3.000  1.200  0.500  25.0   3.999   0.499     26.018
        5   1204 2luz.mr  HE# PHE   51  A-#HD1 LEU   66  A 3.000  1.200  0.500  25.0   3.837   0.337     11.855
        5   1357 2luz.mr  HD# PHE   64  A-#HD2 LEU   66  A 4.000  2.200  1.000  25.0   5.357   0.357     13.313
        5   1307 2luz.mr #HD2 LEU   58  A-#HD1 ILE   74  A 3.000  1.200  0.500  25.0   3.995   0.495     25.679
        6   1307 2luz.mr #HD2 LEU   58  A-#HD1 ILE   74  A 3.000  1.200  0.500  25.0   3.994   0.494     25.520
        7   1307 2luz.mr #HD2 LEU   58  A-#HD1 ILE   74  A 3.000  1.200  0.500  25.0   3.977   0.477     23.751
        8    463 2luz.mr #HG2 ILE   16  A-#HB  ALA  115  A 3.000  1.200  0.500  25.0   3.817   0.317     10.540
        8    508 2luz.mr #HB  ALA   21  A-#HG2 THR  117  A 3.000  1.200  0.500  25.0   3.946   0.446     20.778
        8   1307 2luz.mr #HD2 LEU   58  A-#HD1 ILE   74  A 3.000  1.200  0.500  25.0   3.978   0.478     23.891
        9    605 2luz.mr #HG2 ILE   24  A-1HB  LEU  122  A 4.000  2.200  1.000  25.0   5.311   0.311     10.125
        9    772 2luz.mr #HG  ARG   29  A-2HB  LEU  109  A 4.000  2.200  1.000  25.0   5.317   0.317     10.524
        9   1540 2luz.mr  HA  PRO   79  A-1HB  PRO   80  A 4.000  2.200  1.000  25.0   5.323   0.323     10.880
        9    809 2luz.mr  HE# TYR   30  A- H   LEU  110  A 4.000  2.200  1.000  25.0   5.333   0.333     11.591
        9    418 2luz.mr  HA  THR   15  A- HA  GLU   20  A 3.000  1.200  0.500  25.0   3.856   0.356     13.274
        9    565 2luz.mr  H   ILE   24  A-#HG2 VAL  125  A 4.000  2.200  1.000  25.0   5.381   0.381     15.173
        9    119 2luz.mr  H   THR  116  A- O   ARG   22  A 1.700  0.000  0.600  25.0   2.684   0.384     15.424
        9    582 2luz.mr 2HG1 ILE   24  A-#HG2 VAL  125  A 4.000  2.200  1.000  25.0   5.389   0.389     15.836
        9   1681 2luz.mr  HD# TYR   89  A-#HG  LYS   92  A 3.000  1.200  0.500  25.0   3.910   0.410     17.586
        9    120 2luz.mr  N   THR  116  A- O   ARG   22  A 2.700  0.000  0.600  25.0   3.719   0.419     18.358
        9   1992 2luz.mr #HG2 THR  116  A-#HD2 LEU  122  A 3.000  1.200  0.500  25.0   3.963   0.463     22.380
       10   1176 2luz.mr  HH2 TRP   50  A-#HB  ALA  132  A 4.000  2.200  1.000  25.0   5.354   0.354     13.127
       10   1193 2luz.mr  HD# PHE   51  A-#HB  ALA  132  A 4.000  2.200  1.000  25.0   5.375   0.375     14.742
       10   2480 2luz.mr  HA  MET  163  A-#HG2 ILE  166  A 4.000  2.200  1.000  25.0   5.449   0.449     21.042
       10   2486 2luz.mr #HE  MET  163  A-#HG2 ILE  166  A 3.000  1.200  0.500  25.0   3.982   0.482     24.311
